[2022-07-30 10:05:11,522] {taskinstance.py:1179} INFO - Dependencies all met for <TaskInstance: dataperf.plotter-speed manual__2022-07-30T09:45:44.656628+00:00 [queued]>
[2022-07-30 10:05:11,532] {taskinstance.py:1179} INFO - Dependencies all met for <TaskInstance: dataperf.plotter-speed manual__2022-07-30T09:45:44.656628+00:00 [queued]>
[2022-07-30 10:05:11,533] {taskinstance.py:1376} INFO - 
--------------------------------------------------------------------------------
[2022-07-30 10:05:11,533] {taskinstance.py:1377} INFO - Starting attempt 1 of 1
[2022-07-30 10:05:11,534] {taskinstance.py:1378} INFO - 
--------------------------------------------------------------------------------
[2022-07-30 10:05:11,548] {taskinstance.py:1397} INFO - Executing <Task(BashOperator): plotter-speed> on 2022-07-30 09:45:44.656628+00:00
[2022-07-30 10:05:11,552] {standard_task_runner.py:52} INFO - Started process 24751 to run task
[2022-07-30 10:05:11,555] {standard_task_runner.py:79} INFO - Running: ['***', 'tasks', 'run', 'dataperf', 'plotter-speed', 'manual__2022-07-30T09:45:44.656628+00:00', '--job-id', '247', '--raw', '--subdir', 'DAGS_FOLDER/dataperfr.py', '--cfg-path', '/tmp/tmpp4__m9u3', '--error-file', '/tmp/tmpbpqxhhyk']
[2022-07-30 10:05:11,555] {standard_task_runner.py:80} INFO - Job 247: Subtask plotter-speed
[2022-07-30 10:05:11,617] {task_command.py:371} INFO - Running <TaskInstance: dataperf.plotter-speed manual__2022-07-30T09:45:44.656628+00:00 [running]> on host 365fc85e9c9a
[2022-07-30 10:05:11,684] {taskinstance.py:1591} INFO - Exporting the following env vars:
AIRFLOW_CTX_DAG_OWNER=***
AIRFLOW_CTX_DAG_ID=dataperf
AIRFLOW_CTX_TASK_ID=plotter-speed
AIRFLOW_CTX_EXECUTION_DATE=2022-07-30T09:45:44.656628+00:00
AIRFLOW_CTX_TRY_NUMBER=1
AIRFLOW_CTX_DAG_RUN_ID=manual__2022-07-30T09:45:44.656628+00:00
[2022-07-30 10:05:11,685] {subprocess.py:62} INFO - Tmp dir root location: 
 /tmp
[2022-07-30 10:05:11,686] {subprocess.py:74} INFO - Running command: ['bash', '-c', 'cd /opt/***/dags/dependency; python plotter_speed.py']
[2022-07-30 10:05:11,694] {subprocess.py:85} INFO - Output:
[2022-07-30 10:05:12,813] {subprocess.py:92} INFO - Matplotlib created a temporary config/cache directory at /tmp/matplotlib-5_0dilxm because the default path (/home/***/.cache/matplotlib) is not a writable directory; it is highly recommended to set the MPLCONFIGDIR environment variable to a writable directory, in particular to speed up the import of Matplotlib and to better support multiprocessing.
[2022-07-30 10:05:15,282] {subprocess.py:96} INFO - Command exited with return code 0
[2022-07-30 10:05:15,309] {taskinstance.py:1420} INFO - Marking task as SUCCESS. dag_id=dataperf, task_id=plotter-speed, execution_date=20220730T094544, start_date=20220730T100511, end_date=20220730T100515
[2022-07-30 10:05:15,344] {local_task_job.py:156} INFO - Task exited with return code 0
[2022-07-30 10:05:15,372] {local_task_job.py:273} INFO - 0 downstream tasks scheduled from follow-on schedule check
