[2022-07-30 09:45:46,326] {taskinstance.py:1179} INFO - Dependencies all met for <TaskInstance: dataperf.create-baselines manual__2022-07-30T09:45:44.656628+00:00 [queued]>
[2022-07-30 09:45:46,340] {taskinstance.py:1179} INFO - Dependencies all met for <TaskInstance: dataperf.create-baselines manual__2022-07-30T09:45:44.656628+00:00 [queued]>
[2022-07-30 09:45:46,341] {taskinstance.py:1376} INFO - 
--------------------------------------------------------------------------------
[2022-07-30 09:45:46,342] {taskinstance.py:1377} INFO - Starting attempt 1 of 1
[2022-07-30 09:45:46,342] {taskinstance.py:1378} INFO - 
--------------------------------------------------------------------------------
[2022-07-30 09:45:46,368] {taskinstance.py:1397} INFO - Executing <Task(BashOperator): create-baselines> on 2022-07-30 09:45:44.656628+00:00
[2022-07-30 09:45:46,405] {standard_task_runner.py:52} INFO - Started process 119 to run task
[2022-07-30 09:45:46,410] {standard_task_runner.py:79} INFO - Running: ['***', 'tasks', 'run', 'dataperf', 'create-baselines', 'manual__2022-07-30T09:45:44.656628+00:00', '--job-id', '244', '--raw', '--subdir', 'DAGS_FOLDER/dataperfr.py', '--cfg-path', '/tmp/tmpb153lk7y', '--error-file', '/tmp/tmpe6q2zxob']
[2022-07-30 09:45:46,411] {standard_task_runner.py:80} INFO - Job 244: Subtask create-baselines
[2022-07-30 09:45:46,542] {task_command.py:371} INFO - Running <TaskInstance: dataperf.create-baselines manual__2022-07-30T09:45:44.656628+00:00 [running]> on host 365fc85e9c9a
[2022-07-30 09:45:46,663] {taskinstance.py:1591} INFO - Exporting the following env vars:
AIRFLOW_CTX_DAG_OWNER=***
AIRFLOW_CTX_DAG_ID=dataperf
AIRFLOW_CTX_TASK_ID=create-baselines
AIRFLOW_CTX_EXECUTION_DATE=2022-07-30T09:45:44.656628+00:00
AIRFLOW_CTX_TRY_NUMBER=1
AIRFLOW_CTX_DAG_RUN_ID=manual__2022-07-30T09:45:44.656628+00:00
[2022-07-30 09:45:46,665] {subprocess.py:62} INFO - Tmp dir root location: 
 /tmp
[2022-07-30 09:45:46,666] {subprocess.py:74} INFO - Running command: ['bash', '-c', 'cd /opt/***/dags/dependency; python create_baselines.py']
[2022-07-30 09:45:46,678] {subprocess.py:85} INFO - Output:
[2022-07-30 09:47:07,732] {subprocess.py:92} INFO - Fitting influence_function on 01g317-flipped
[2022-07-30 09:47:07,734] {subprocess.py:92} INFO - Harmfulness: [277, 102, 225, 276, 272, 86, 132, 227, 143, 286, 33, 278, 220, 154, 79, 64, 26, 145, 281, 81, 223, 87, 217, 9, 43, 92, 29, 15, 262, 136, 295, 157, 115, 36, 32, 180, 189, 292, 42, 98, 74, 159, 216, 270, 52, 200, 72, 38, 59, 8, 83, 100, 202, 219, 11, 90, 267, 274, 12, 91, 41, 195, 57, 118, 7, 166, 109, 203, 218, 107, 250, 214, 60, 127, 172, 290, 45, 134, 265, 297, 248, 19, 14, 293, 299, 148, 190, 139, 215, 140, 61, 114, 71, 289, 222, 31, 255, 198, 24, 208, 204, 73, 70, 113, 259, 252, 211, 40, 177, 69, 16, 35, 176, 25, 48, 229, 221, 5, 291, 249, 241, 188, 13, 232, 233, 93, 171, 27, 234, 119, 296, 206, 238, 245, 253, 243, 133, 44, 47, 181, 110, 244, 240, 288, 78, 264, 269, 260, 20, 298, 88, 284, 125, 131, 137, 294, 285, 258, 280, 111, 99, 228, 117, 268, 226, 53, 129, 94, 30, 130, 96, 105, 256, 183, 279, 266, 126, 282, 101, 275, 149, 263, 142, 235, 135, 273, 85, 82, 162, 51, 49, 224, 76, 66, 54, 158, 50, 23, 65, 122, 146, 22, 192, 169, 156, 271, 56, 254, 163, 287, 155, 165, 261, 3, 168, 124, 84, 21, 77, 46, 80, 4, 150, 230, 153, 173, 18, 58, 184, 251, 95, 167, 179, 67, 213, 141, 160, 170, 108, 17, 128, 283, 209, 34, 187, 89, 123, 63, 164, 247, 10, 0, 194, 239, 39, 103, 175, 242, 116, 210, 152, 138, 231, 246, 236, 212, 147, 185, 62, 68, 178, 205, 55, 174, 2, 257, 151, 97, 193, 161, 121, 75, 37, 106, 144, 196, 197, 237, 191, 201, 199, 6, 182, 112, 120, 207, 104, 1, 28, 186]
[2022-07-30 09:47:07,735] {subprocess.py:92} INFO - Helpfulness: [186, 28, 1, 104, 207, 120, 112, 182, 6, 199, 201, 191, 237, 197, 196, 144, 106, 37, 75, 121, 161, 193, 97, 151, 257, 2, 174, 55, 205, 178, 68, 62, 185, 147, 212, 236, 246, 231, 138, 152, 210, 116, 242, 175, 103, 39, 239, 194, 0, 10, 247, 164, 63, 123, 89, 187, 34, 209, 283, 128, 17, 108, 170, 160, 141, 213, 67, 179, 167, 95, 251, 184, 58, 18, 173, 153, 230, 150, 4, 80, 46, 77, 21, 84, 124, 168, 3, 261, 165, 155, 287, 163, 254, 56, 271, 156, 169, 192, 22, 146, 122, 65, 23, 50, 158, 54, 66, 76, 224, 49, 51, 162, 82, 85, 273, 135, 235, 142, 263, 149, 275, 101, 282, 126, 266, 279, 183, 256, 105, 96, 130, 30, 94, 129, 53, 226, 268, 117, 228, 99, 111, 280, 258, 285, 294, 137, 131, 125, 284, 88, 298, 20, 260, 269, 264, 78, 288, 240, 244, 110, 181, 47, 44, 133, 243, 253, 245, 238, 206, 296, 119, 234, 27, 171, 93, 233, 232, 13, 188, 241, 249, 291, 5, 221, 229, 48, 25, 176, 35, 16, 69, 177, 40, 211, 252, 259, 113, 70, 73, 204, 208, 24, 198, 255, 31, 222, 289, 71, 114, 61, 140, 215, 139, 190, 148, 299, 293, 14, 19, 248, 297, 265, 134, 45, 290, 172, 127, 60, 214, 250, 107, 218, 203, 109, 166, 7, 118, 57, 195, 41, 91, 12, 274, 267, 90, 11, 219, 202, 100, 83, 8, 59, 38, 72, 200, 52, 270, 216, 159, 74, 98, 42, 292, 189, 180, 32, 36, 115, 157, 295, 136, 262, 15, 29, 92, 43, 9, 217, 87, 223, 81, 281, 145, 26, 64, 79, 154, 220, 278, 33, 286, 143, 227, 132, 86, 272, 276, 225, 102, 277]
[2022-07-30 09:47:07,735] {subprocess.py:92} INFO -  - took 75.96972480000113 seconds
[2022-07-30 09:47:08,138] {subprocess.py:96} INFO - Command exited with return code 0
[2022-07-30 09:47:08,191] {taskinstance.py:1420} INFO - Marking task as SUCCESS. dag_id=dataperf, task_id=create-baselines, execution_date=20220730T094544, start_date=20220730T094546, end_date=20220730T094708
[2022-07-30 09:47:08,296] {local_task_job.py:156} INFO - Task exited with return code 0
[2022-07-30 09:47:08,370] {local_task_job.py:273} INFO - 1 downstream tasks scheduled from follow-on schedule check
