[2022-07-29 22:25:26,252] {taskinstance.py:1179} INFO - Dependencies all met for <TaskInstance: dataperf.create-baselines manual__2022-07-29T22:25:25.074662+00:00 [queued]>
[2022-07-29 22:25:26,260] {taskinstance.py:1179} INFO - Dependencies all met for <TaskInstance: dataperf.create-baselines manual__2022-07-29T22:25:25.074662+00:00 [queued]>
[2022-07-29 22:25:26,260] {taskinstance.py:1376} INFO - 
--------------------------------------------------------------------------------
[2022-07-29 22:25:26,260] {taskinstance.py:1377} INFO - Starting attempt 1 of 1
[2022-07-29 22:25:26,261] {taskinstance.py:1378} INFO - 
--------------------------------------------------------------------------------
[2022-07-29 22:25:26,273] {taskinstance.py:1397} INFO - Executing <Task(BashOperator): create-baselines> on 2022-07-29 22:25:25.074662+00:00
[2022-07-29 22:25:26,277] {standard_task_runner.py:52} INFO - Started process 136 to run task
[2022-07-29 22:25:26,279] {standard_task_runner.py:79} INFO - Running: ['***', 'tasks', 'run', 'dataperf', 'create-baselines', 'manual__2022-07-29T22:25:25.074662+00:00', '--job-id', '223', '--raw', '--subdir', 'DAGS_FOLDER/dataperfr.py', '--cfg-path', '/tmp/tmpv8z_oasq', '--error-file', '/tmp/tmpja5s90xn']
[2022-07-29 22:25:26,280] {standard_task_runner.py:80} INFO - Job 223: Subtask create-baselines
[2022-07-29 22:25:26,332] {task_command.py:371} INFO - Running <TaskInstance: dataperf.create-baselines manual__2022-07-29T22:25:25.074662+00:00 [running]> on host 5eb1407492fa
[2022-07-29 22:25:26,398] {taskinstance.py:1591} INFO - Exporting the following env vars:
AIRFLOW_CTX_DAG_OWNER=***
AIRFLOW_CTX_DAG_ID=dataperf
AIRFLOW_CTX_TASK_ID=create-baselines
AIRFLOW_CTX_EXECUTION_DATE=2022-07-29T22:25:25.074662+00:00
AIRFLOW_CTX_TRY_NUMBER=1
AIRFLOW_CTX_DAG_RUN_ID=manual__2022-07-29T22:25:25.074662+00:00
[2022-07-29 22:25:26,399] {subprocess.py:62} INFO - Tmp dir root location: 
 /tmp
[2022-07-29 22:25:26,400] {subprocess.py:74} INFO - Running command: ['bash', '-c', 'cd /opt/***/dags/dependency; python create_baselines.py']
[2022-07-29 22:25:26,408] {subprocess.py:85} INFO - Output:
[2022-07-29 22:25:28,698] {subprocess.py:92} INFO - Fitting random on 01g317-flipped
[2022-07-29 22:25:28,699] {subprocess.py:92} INFO -  - took 0.0019467999954940751 seconds
[2022-07-29 22:25:28,897] {subprocess.py:96} INFO - Command exited with return code 0
[2022-07-29 22:25:28,933] {taskinstance.py:1420} INFO - Marking task as SUCCESS. dag_id=dataperf, task_id=create-baselines, execution_date=20220729T222525, start_date=20220729T222526, end_date=20220729T222528
[2022-07-29 22:25:28,980] {local_task_job.py:156} INFO - Task exited with return code 0
[2022-07-29 22:25:29,023] {local_task_job.py:273} INFO - 1 downstream tasks scheduled from follow-on schedule check
