[2022-07-29 18:55:53,786] {taskinstance.py:1179} INFO - Dependencies all met for <TaskInstance: dataperf.list manual__2022-07-29T18:55:52.559921+00:00 [queued]>
[2022-07-29 18:55:53,796] {taskinstance.py:1179} INFO - Dependencies all met for <TaskInstance: dataperf.list manual__2022-07-29T18:55:52.559921+00:00 [queued]>
[2022-07-29 18:55:53,797] {taskinstance.py:1376} INFO - 
--------------------------------------------------------------------------------
[2022-07-29 18:55:53,798] {taskinstance.py:1377} INFO - Starting attempt 1 of 1
[2022-07-29 18:55:53,799] {taskinstance.py:1378} INFO - 
--------------------------------------------------------------------------------
[2022-07-29 18:55:53,814] {taskinstance.py:1397} INFO - Executing <Task(BashOperator): list> on 2022-07-29 18:55:52.559921+00:00
[2022-07-29 18:55:53,819] {standard_task_runner.py:52} INFO - Started process 84 to run task
[2022-07-29 18:55:53,822] {standard_task_runner.py:79} INFO - Running: ['***', 'tasks', 'run', 'dataperf', 'list', 'manual__2022-07-29T18:55:52.559921+00:00', '--job-id', '198', '--raw', '--subdir', 'DAGS_FOLDER/dataperfr.py', '--cfg-path', '/tmp/tmpigboj2_2', '--error-file', '/tmp/tmp0bhhy0g7']
[2022-07-29 18:55:53,822] {standard_task_runner.py:80} INFO - Job 198: Subtask list
[2022-07-29 18:55:53,889] {task_command.py:371} INFO - Running <TaskInstance: dataperf.list manual__2022-07-29T18:55:52.559921+00:00 [running]> on host 54cc325577cf
[2022-07-29 18:55:53,961] {taskinstance.py:1591} INFO - Exporting the following env vars:
AIRFLOW_CTX_DAG_OWNER=***
AIRFLOW_CTX_DAG_ID=dataperf
AIRFLOW_CTX_TASK_ID=list
AIRFLOW_CTX_EXECUTION_DATE=2022-07-29T18:55:52.559921+00:00
AIRFLOW_CTX_TRY_NUMBER=1
AIRFLOW_CTX_DAG_RUN_ID=manual__2022-07-29T18:55:52.559921+00:00
[2022-07-29 18:55:53,963] {subprocess.py:62} INFO - Tmp dir root location: 
 /tmp
[2022-07-29 18:55:53,964] {subprocess.py:74} INFO - Running command: ['bash', '-c', 'pip3 list']
[2022-07-29 18:55:53,973] {subprocess.py:85} INFO - Output:
[2022-07-29 18:55:56,073] {subprocess.py:92} INFO - Package                                  Version
[2022-07-29 18:55:56,074] {subprocess.py:92} INFO - ---------------------------------------- -------------
[2022-07-29 18:55:56,075] {subprocess.py:92} INFO - adal                                     1.2.7
[2022-07-29 18:55:56,076] {subprocess.py:92} INFO - alembic                                  1.8.0
[2022-07-29 18:55:56,076] {subprocess.py:92} INFO - amqp                                     5.1.1
[2022-07-29 18:55:56,077] {subprocess.py:92} INFO - anyio                                    3.6.1
[2022-07-29 18:55:56,077] {subprocess.py:92} INFO - apache-***                           2.3.3
[2022-07-29 18:55:56,078] {subprocess.py:92} INFO - apache-***-providers-amazon          4.0.0
[2022-07-29 18:55:56,078] {subprocess.py:92} INFO - apache-***-providers-celery          3.0.0
[2022-07-29 18:55:56,078] {subprocess.py:92} INFO - apache-***-providers-cncf-kubernetes 4.1.0
[2022-07-29 18:55:56,078] {subprocess.py:92} INFO - apache-***-providers-docker          3.0.0
[2022-07-29 18:55:56,079] {subprocess.py:92} INFO - apache-***-providers-elasticsearch   4.0.0
[2022-07-29 18:55:56,079] {subprocess.py:92} INFO - apache-***-providers-ftp             3.0.0
[2022-07-29 18:55:56,079] {subprocess.py:92} INFO - apache-***-providers-google          8.1.0
[2022-07-29 18:55:56,080] {subprocess.py:92} INFO - apache-***-providers-grpc            3.0.0
[2022-07-29 18:55:56,080] {subprocess.py:92} INFO - apache-***-providers-hashicorp       3.0.0
[2022-07-29 18:55:56,080] {subprocess.py:92} INFO - apache-***-providers-http            3.0.0
[2022-07-29 18:55:56,081] {subprocess.py:92} INFO - apache-***-providers-imap            3.0.0
[2022-07-29 18:55:56,081] {subprocess.py:92} INFO - apache-***-providers-microsoft-azure 4.0.0
[2022-07-29 18:55:56,082] {subprocess.py:92} INFO - apache-***-providers-mysql           3.0.0
[2022-07-29 18:55:56,082] {subprocess.py:92} INFO - apache-***-providers-odbc            3.0.0
[2022-07-29 18:55:56,082] {subprocess.py:92} INFO - apache-***-providers-postgres        5.0.0
[2022-07-29 18:55:56,083] {subprocess.py:92} INFO - apache-***-providers-redis           3.0.0
[2022-07-29 18:55:56,083] {subprocess.py:92} INFO - apache-***-providers-sendgrid        3.0.0
[2022-07-29 18:55:56,084] {subprocess.py:92} INFO - apache-***-providers-sftp            3.0.0
[2022-07-29 18:55:56,084] {subprocess.py:92} INFO - apache-***-providers-slack           5.0.0
[2022-07-29 18:55:56,084] {subprocess.py:92} INFO - apache-***-providers-sqlite          3.0.0
[2022-07-29 18:55:56,084] {subprocess.py:92} INFO - apache-***-providers-ssh             3.0.0
[2022-07-29 18:55:56,085] {subprocess.py:92} INFO - apispec                                  3.3.2
[2022-07-29 18:55:56,085] {subprocess.py:92} INFO - argcomplete                              2.0.0
[2022-07-29 18:55:56,085] {subprocess.py:92} INFO - asn1crypto                               1.5.1
[2022-07-29 18:55:56,086] {subprocess.py:92} INFO - attrs                                    20.3.0
[2022-07-29 18:55:56,086] {subprocess.py:92} INFO - Authlib                                  0.15.5
[2022-07-29 18:55:56,086] {subprocess.py:92} INFO - azure-batch                              12.0.0
[2022-07-29 18:55:56,086] {subprocess.py:92} INFO - azure-common                             1.1.28
[2022-07-29 18:55:56,086] {subprocess.py:92} INFO - azure-core                               1.24.2
[2022-07-29 18:55:56,087] {subprocess.py:92} INFO - azure-cosmos                             4.3.0
[2022-07-29 18:55:56,087] {subprocess.py:92} INFO - azure-datalake-store                     0.0.52
[2022-07-29 18:55:56,087] {subprocess.py:92} INFO - azure-identity                           1.10.0
[2022-07-29 18:55:56,087] {subprocess.py:92} INFO - azure-keyvault-secrets                   4.4.0
[2022-07-29 18:55:56,087] {subprocess.py:92} INFO - azure-kusto-data                         0.0.45
[2022-07-29 18:55:56,088] {subprocess.py:92} INFO - azure-mgmt-containerinstance             1.5.0
[2022-07-29 18:55:56,088] {subprocess.py:92} INFO - azure-mgmt-core                          1.3.1
[2022-07-29 18:55:56,088] {subprocess.py:92} INFO - azure-mgmt-datafactory                   1.1.0
[2022-07-29 18:55:56,088] {subprocess.py:92} INFO - azure-mgmt-datalake-nspkg                3.0.1
[2022-07-29 18:55:56,089] {subprocess.py:92} INFO - azure-mgmt-datalake-store                0.5.0
[2022-07-29 18:55:56,089] {subprocess.py:92} INFO - azure-mgmt-nspkg                         3.0.2
[2022-07-29 18:55:56,089] {subprocess.py:92} INFO - azure-mgmt-resource                      21.1.0
[2022-07-29 18:55:56,089] {subprocess.py:92} INFO - azure-nspkg                              3.0.2
[2022-07-29 18:55:56,090] {subprocess.py:92} INFO - azure-storage-blob                       12.8.1
[2022-07-29 18:55:56,090] {subprocess.py:92} INFO - azure-storage-common                     2.1.0
[2022-07-29 18:55:56,090] {subprocess.py:92} INFO - azure-storage-file                       2.1.0
[2022-07-29 18:55:56,091] {subprocess.py:92} INFO - Babel                                    2.10.3
[2022-07-29 18:55:56,091] {subprocess.py:92} INFO - bcrypt                                   3.2.2
[2022-07-29 18:55:56,091] {subprocess.py:92} INFO - beautifulsoup4                           4.11.1
[2022-07-29 18:55:56,091] {subprocess.py:92} INFO - billiard                                 3.6.4.0
[2022-07-29 18:55:56,091] {subprocess.py:92} INFO - blinker                                  1.4
[2022-07-29 18:55:56,092] {subprocess.py:92} INFO - boto3                                    1.24.23
[2022-07-29 18:55:56,092] {subprocess.py:92} INFO - botocore                                 1.27.23
[2022-07-29 18:55:56,092] {subprocess.py:92} INFO - cached-property                          1.5.2
[2022-07-29 18:55:56,092] {subprocess.py:92} INFO - cachelib                                 0.9.0
[2022-07-29 18:55:56,092] {subprocess.py:92} INFO - cachetools                               4.2.2
[2022-07-29 18:55:56,093] {subprocess.py:92} INFO - cattrs                                   1.10.0
[2022-07-29 18:55:56,093] {subprocess.py:92} INFO - celery                                   5.2.7
[2022-07-29 18:55:56,093] {subprocess.py:92} INFO - certifi                                  2020.12.5
[2022-07-29 18:55:56,093] {subprocess.py:92} INFO - cffi                                     1.15.1
[2022-07-29 18:55:56,093] {subprocess.py:92} INFO - charset-normalizer                       2.0.12
[2022-07-29 18:55:56,094] {subprocess.py:92} INFO - click                                    8.1.3
[2022-07-29 18:55:56,094] {subprocess.py:92} INFO - click-didyoumean                         0.3.0
[2022-07-29 18:55:56,094] {subprocess.py:92} INFO - click-plugins                            1.1.1
[2022-07-29 18:55:56,094] {subprocess.py:92} INFO - click-repl                               0.2.0
[2022-07-29 18:55:56,095] {subprocess.py:92} INFO - clickclick                               20.10.2
[2022-07-29 18:55:56,095] {subprocess.py:92} INFO - cloudpickle                              2.1.0
[2022-07-29 18:55:56,095] {subprocess.py:92} INFO - colorama                                 0.4.5
[2022-07-29 18:55:56,095] {subprocess.py:92} INFO - colorlog                                 4.8.0
[2022-07-29 18:55:56,096] {subprocess.py:92} INFO - commonmark                               0.9.1
[2022-07-29 18:55:56,096] {subprocess.py:92} INFO - connexion                                2.14.0
[2022-07-29 18:55:56,096] {subprocess.py:92} INFO - cron-descriptor                          1.2.30
[2022-07-29 18:55:56,096] {subprocess.py:92} INFO - croniter                                 1.3.5
[2022-07-29 18:55:56,097] {subprocess.py:92} INFO - cryptography                             36.0.2
[2022-07-29 18:55:56,097] {subprocess.py:92} INFO - dask                                     2022.2.0
[2022-07-29 18:55:56,097] {subprocess.py:92} INFO - db-dtypes                                1.0.2
[2022-07-29 18:55:56,097] {subprocess.py:92} INFO - decorator                                5.1.1
[2022-07-29 18:55:56,098] {subprocess.py:92} INFO - Deprecated                               1.2.13
[2022-07-29 18:55:56,098] {subprocess.py:92} INFO - dill                                     0.3.1.1
[2022-07-29 18:55:56,098] {subprocess.py:92} INFO - distlib                                  0.3.4
[2022-07-29 18:55:56,098] {subprocess.py:92} INFO - distributed                              2022.2.0
[2022-07-29 18:55:56,098] {subprocess.py:92} INFO - dnspython                                2.2.1
[2022-07-29 18:55:56,098] {subprocess.py:92} INFO - docker                                   5.0.3
[2022-07-29 18:55:56,099] {subprocess.py:92} INFO - docutils                                 0.19
[2022-07-29 18:55:56,099] {subprocess.py:92} INFO - elasticsearch                            7.13.4
[2022-07-29 18:55:56,099] {subprocess.py:92} INFO - elasticsearch-dbapi                      0.2.9
[2022-07-29 18:55:56,099] {subprocess.py:92} INFO - elasticsearch-dsl                        7.4.0
[2022-07-29 18:55:56,100] {subprocess.py:92} INFO - email-validator                          1.2.1
[2022-07-29 18:55:56,100] {subprocess.py:92} INFO - eventlet                                 0.33.1
[2022-07-29 18:55:56,100] {subprocess.py:92} INFO - filelock                                 3.7.1
[2022-07-29 18:55:56,100] {subprocess.py:92} INFO - Flask                                    2.1.2
[2022-07-29 18:55:56,100] {subprocess.py:92} INFO - Flask-AppBuilder                         4.1.2
[2022-07-29 18:55:56,100] {subprocess.py:92} INFO - Flask-Babel                              2.0.0
[2022-07-29 18:55:56,101] {subprocess.py:92} INFO - Flask-Caching                            2.0.0
[2022-07-29 18:55:56,101] {subprocess.py:92} INFO - Flask-JWT-Extended                       4.4.2
[2022-07-29 18:55:56,101] {subprocess.py:92} INFO - Flask-Login                              0.6.1
[2022-07-29 18:55:56,101] {subprocess.py:92} INFO - Flask-Session                            0.4.0
[2022-07-29 18:55:56,101] {subprocess.py:92} INFO - Flask-SQLAlchemy                         2.5.1
[2022-07-29 18:55:56,101] {subprocess.py:92} INFO - Flask-WTF                                0.15.1
[2022-07-29 18:55:56,102] {subprocess.py:92} INFO - flower                                   1.1.0
[2022-07-29 18:55:56,102] {subprocess.py:92} INFO - fsspec                                   2022.5.0
[2022-07-29 18:55:56,102] {subprocess.py:92} INFO - future                                   0.18.2
[2022-07-29 18:55:56,102] {subprocess.py:92} INFO - gevent                                   21.12.0
[2022-07-29 18:55:56,102] {subprocess.py:92} INFO - google-ads                               17.0.0
[2022-07-29 18:55:56,103] {subprocess.py:92} INFO - google-api-core                          2.8.2
[2022-07-29 18:55:56,103] {subprocess.py:92} INFO - google-api-python-client                 1.12.11
[2022-07-29 18:55:56,103] {subprocess.py:92} INFO - google-auth                              2.9.0
[2022-07-29 18:55:56,103] {subprocess.py:92} INFO - google-auth-httplib2                     0.1.0
[2022-07-29 18:55:56,104] {subprocess.py:92} INFO - google-auth-oauthlib                     0.5.2
[2022-07-29 18:55:56,104] {subprocess.py:92} INFO - google-cloud-aiplatform                  1.15.0
[2022-07-29 18:55:56,104] {subprocess.py:92} INFO - google-cloud-appengine-logging           1.1.2
[2022-07-29 18:55:56,104] {subprocess.py:92} INFO - google-cloud-audit-log                   0.2.2
[2022-07-29 18:55:56,105] {subprocess.py:92} INFO - google-cloud-automl                      2.7.3
[2022-07-29 18:55:56,105] {subprocess.py:92} INFO - google-cloud-bigquery                    2.34.4
[2022-07-29 18:55:56,105] {subprocess.py:92} INFO - google-cloud-bigquery-datatransfer       3.6.2
[2022-07-29 18:55:56,105] {subprocess.py:92} INFO - google-cloud-bigquery-storage            2.13.2
[2022-07-29 18:55:56,105] {subprocess.py:92} INFO - google-cloud-bigtable                    1.7.2
[2022-07-29 18:55:56,106] {subprocess.py:92} INFO - google-cloud-build                       3.8.3
[2022-07-29 18:55:56,106] {subprocess.py:92} INFO - google-cloud-container                   2.10.8
[2022-07-29 18:55:56,106] {subprocess.py:92} INFO - google-cloud-core                        2.3.1
[2022-07-29 18:55:56,106] {subprocess.py:92} INFO - google-cloud-datacatalog                 3.8.1
[2022-07-29 18:55:56,106] {subprocess.py:92} INFO - google-cloud-dataplex                    1.0.1
[2022-07-29 18:55:56,106] {subprocess.py:92} INFO - google-cloud-dataproc                    4.0.3
[2022-07-29 18:55:56,107] {subprocess.py:92} INFO - google-cloud-dataproc-metastore          1.5.1
[2022-07-29 18:55:56,107] {subprocess.py:92} INFO - google-cloud-dlp                         1.0.2
[2022-07-29 18:55:56,107] {subprocess.py:92} INFO - google-cloud-kms                         2.11.2
[2022-07-29 18:55:56,107] {subprocess.py:92} INFO - google-cloud-language                    1.3.2
[2022-07-29 18:55:56,107] {subprocess.py:92} INFO - google-cloud-logging                     3.1.2
[2022-07-29 18:55:56,107] {subprocess.py:92} INFO - google-cloud-memcache                    1.3.2
[2022-07-29 18:55:56,108] {subprocess.py:92} INFO - google-cloud-monitoring                  2.9.2
[2022-07-29 18:55:56,108] {subprocess.py:92} INFO - google-cloud-orchestration-***       1.3.2
[2022-07-29 18:55:56,108] {subprocess.py:92} INFO - google-cloud-os-login                    2.6.2
[2022-07-29 18:55:56,108] {subprocess.py:92} INFO - google-cloud-pubsub                      2.13.0
[2022-07-29 18:55:56,108] {subprocess.py:92} INFO - google-cloud-redis                       2.8.1
[2022-07-29 18:55:56,108] {subprocess.py:92} INFO - google-cloud-resource-manager            1.5.1
[2022-07-29 18:55:56,109] {subprocess.py:92} INFO - google-cloud-secret-manager              1.0.2
[2022-07-29 18:55:56,109] {subprocess.py:92} INFO - google-cloud-spanner                     1.19.3
[2022-07-29 18:55:56,109] {subprocess.py:92} INFO - google-cloud-speech                      1.3.4
[2022-07-29 18:55:56,109] {subprocess.py:92} INFO - google-cloud-storage                     1.44.0
[2022-07-29 18:55:56,110] {subprocess.py:92} INFO - google-cloud-tasks                       2.9.1
[2022-07-29 18:55:56,110] {subprocess.py:92} INFO - google-cloud-texttospeech                1.0.3
[2022-07-29 18:55:56,110] {subprocess.py:92} INFO - google-cloud-translate                   1.7.2
[2022-07-29 18:55:56,110] {subprocess.py:92} INFO - google-cloud-videointelligence           1.16.3
[2022-07-29 18:55:56,110] {subprocess.py:92} INFO - google-cloud-vision                      1.0.2
[2022-07-29 18:55:56,111] {subprocess.py:92} INFO - google-cloud-workflows                   1.6.3
[2022-07-29 18:55:56,111] {subprocess.py:92} INFO - google-crc32c                            1.3.0
[2022-07-29 18:55:56,111] {subprocess.py:92} INFO - google-resumable-media                   2.3.3
[2022-07-29 18:55:56,111] {subprocess.py:92} INFO - googleapis-common-protos                 1.56.3
[2022-07-29 18:55:56,111] {subprocess.py:92} INFO - graphviz                                 0.20
[2022-07-29 18:55:56,112] {subprocess.py:92} INFO - greenlet                                 1.1.2
[2022-07-29 18:55:56,112] {subprocess.py:92} INFO - grpc-google-iam-v1                       0.12.4
[2022-07-29 18:55:56,112] {subprocess.py:92} INFO - grpcio                                   1.47.0
[2022-07-29 18:55:56,112] {subprocess.py:92} INFO - grpcio-gcp                               0.2.2
[2022-07-29 18:55:56,112] {subprocess.py:92} INFO - grpcio-status                            1.47.0
[2022-07-29 18:55:56,113] {subprocess.py:92} INFO - gunicorn                                 20.1.0
[2022-07-29 18:55:56,113] {subprocess.py:92} INFO - h11                                      0.12.0
[2022-07-29 18:55:56,113] {subprocess.py:92} INFO - HeapDict                                 1.0.1
[2022-07-29 18:55:56,113] {subprocess.py:92} INFO - httpcore                                 0.15.0
[2022-07-29 18:55:56,113] {subprocess.py:92} INFO - httplib2                                 0.20.4
[2022-07-29 18:55:56,114] {subprocess.py:92} INFO - httpx                                    0.23.0
[2022-07-29 18:55:56,114] {subprocess.py:92} INFO - humanize                                 4.2.3
[2022-07-29 18:55:56,114] {subprocess.py:92} INFO - hvac                                     0.11.2
[2022-07-29 18:55:56,114] {subprocess.py:92} INFO - idna                                     3.3
[2022-07-29 18:55:56,114] {subprocess.py:92} INFO - importlib-metadata                       4.12.0
[2022-07-29 18:55:56,115] {subprocess.py:92} INFO - importlib-resources                      5.8.0
[2022-07-29 18:55:56,115] {subprocess.py:92} INFO - inflection                               0.5.1
[2022-07-29 18:55:56,115] {subprocess.py:92} INFO - isodate                                  0.6.1
[2022-07-29 18:55:56,115] {subprocess.py:92} INFO - itsdangerous                             2.1.2
[2022-07-29 18:55:56,116] {subprocess.py:92} INFO - Jinja2                                   3.1.2
[2022-07-29 18:55:56,116] {subprocess.py:92} INFO - jmespath                                 0.10.0
[2022-07-29 18:55:56,116] {subprocess.py:92} INFO - json-merge-patch                         0.2
[2022-07-29 18:55:56,116] {subprocess.py:92} INFO - jsonpath-ng                              1.5.3
[2022-07-29 18:55:56,117] {subprocess.py:92} INFO - jsonschema                               4.6.1
[2022-07-29 18:55:56,117] {subprocess.py:92} INFO - kombu                                    5.2.4
[2022-07-29 18:55:56,117] {subprocess.py:92} INFO - kubernetes                               23.6.0
[2022-07-29 18:55:56,117] {subprocess.py:92} INFO - lazy-object-proxy                        1.7.1
[2022-07-29 18:55:56,118] {subprocess.py:92} INFO - ldap3                                    2.9.1
[2022-07-29 18:55:56,118] {subprocess.py:92} INFO - linkify-it-py                            2.0.0
[2022-07-29 18:55:56,118] {subprocess.py:92} INFO - locket                                   1.0.0
[2022-07-29 18:55:56,118] {subprocess.py:92} INFO - lockfile                                 0.12.2
[2022-07-29 18:55:56,118] {subprocess.py:92} INFO - looker-sdk                               22.4.0
[2022-07-29 18:55:56,119] {subprocess.py:92} INFO - lxml                                     4.9.1
[2022-07-29 18:55:56,119] {subprocess.py:92} INFO - Mako                                     1.2.1
[2022-07-29 18:55:56,119] {subprocess.py:92} INFO - Markdown                                 3.3.7
[2022-07-29 18:55:56,119] {subprocess.py:92} INFO - markdown-it-py                           2.1.0
[2022-07-29 18:55:56,119] {subprocess.py:92} INFO - MarkupSafe                               2.1.1
[2022-07-29 18:55:56,120] {subprocess.py:92} INFO - marshmallow                              3.17.0
[2022-07-29 18:55:56,120] {subprocess.py:92} INFO - marshmallow-enum                         1.5.1
[2022-07-29 18:55:56,120] {subprocess.py:92} INFO - marshmallow-oneofschema                  3.0.1
[2022-07-29 18:55:56,120] {subprocess.py:92} INFO - marshmallow-sqlalchemy                   0.26.1
[2022-07-29 18:55:56,120] {subprocess.py:92} INFO - mdit-py-plugins                          0.3.0
[2022-07-29 18:55:56,121] {subprocess.py:92} INFO - mdurl                                    0.1.1
[2022-07-29 18:55:56,121] {subprocess.py:92} INFO - msal                                     1.18.0
[2022-07-29 18:55:56,121] {subprocess.py:92} INFO - msal-extensions                          1.0.0
[2022-07-29 18:55:56,121] {subprocess.py:92} INFO - msgpack                                  1.0.4
[2022-07-29 18:55:56,121] {subprocess.py:92} INFO - msrest                                   0.7.1
[2022-07-29 18:55:56,121] {subprocess.py:92} INFO - msrestazure                              0.6.4
[2022-07-29 18:55:56,122] {subprocess.py:92} INFO - mypy-boto3-rds                           1.24.23
[2022-07-29 18:55:56,122] {subprocess.py:92} INFO - mypy-boto3-redshift-data                 1.24.11.post3
[2022-07-29 18:55:56,122] {subprocess.py:92} INFO - mysql-connector-python                   8.0.29
[2022-07-29 18:55:56,122] {subprocess.py:92} INFO - mysqlclient                              2.1.1
[2022-07-29 18:55:56,122] {subprocess.py:92} INFO - numpy                                    1.21.6
[2022-07-29 18:55:56,122] {subprocess.py:92} INFO - oauthlib                                 3.2.0
[2022-07-29 18:55:56,123] {subprocess.py:92} INFO - packaging                                21.3
[2022-07-29 18:55:56,123] {subprocess.py:92} INFO - pandas                                   1.3.5
[2022-07-29 18:55:56,123] {subprocess.py:92} INFO - pandas-gbq                               0.17.6
[2022-07-29 18:55:56,124] {subprocess.py:92} INFO - paramiko                                 2.11.0
[2022-07-29 18:55:56,124] {subprocess.py:92} INFO - partd                                    1.2.0
[2022-07-29 18:55:56,124] {subprocess.py:92} INFO - pathspec                                 0.9.0
[2022-07-29 18:55:56,124] {subprocess.py:92} INFO - pendulum                                 2.1.2
[2022-07-29 18:55:56,125] {subprocess.py:92} INFO - pip                                      22.1.2
[2022-07-29 18:55:56,125] {subprocess.py:92} INFO - platformdirs                             2.5.2
[2022-07-29 18:55:56,125] {subprocess.py:92} INFO - pluggy                                   1.0.0
[2022-07-29 18:55:56,125] {subprocess.py:92} INFO - ply                                      3.11
[2022-07-29 18:55:56,126] {subprocess.py:92} INFO - portalocker                              2.4.0
[2022-07-29 18:55:56,126] {subprocess.py:92} INFO - prison                                   0.2.1
[2022-07-29 18:55:56,126] {subprocess.py:92} INFO - prometheus-client                        0.14.1
[2022-07-29 18:55:56,126] {subprocess.py:92} INFO - prompt-toolkit                           3.0.30
[2022-07-29 18:55:56,126] {subprocess.py:92} INFO - proto-plus                               1.19.6
[2022-07-29 18:55:56,127] {subprocess.py:92} INFO - protobuf                                 3.20.0
[2022-07-29 18:55:56,127] {subprocess.py:92} INFO - psutil                                   5.9.1
[2022-07-29 18:55:56,127] {subprocess.py:92} INFO - psycopg2-binary                          2.9.3
[2022-07-29 18:55:56,127] {subprocess.py:92} INFO - pyarrow                                  6.0.1
[2022-07-29 18:55:56,127] {subprocess.py:92} INFO - pyasn1                                   0.4.8
[2022-07-29 18:55:56,128] {subprocess.py:92} INFO - pyasn1-modules                           0.2.8
[2022-07-29 18:55:56,128] {subprocess.py:92} INFO - pycparser                                2.21
[2022-07-29 18:55:56,128] {subprocess.py:92} INFO - pydata-google-auth                       1.4.0
[2022-07-29 18:55:56,128] {subprocess.py:92} INFO - Pygments                                 2.12.0
[2022-07-29 18:55:56,128] {subprocess.py:92} INFO - PyJWT                                    2.4.0
[2022-07-29 18:55:56,128] {subprocess.py:92} INFO - PyNaCl                                   1.5.0
[2022-07-29 18:55:56,128] {subprocess.py:92} INFO - pyodbc                                   4.0.32
[2022-07-29 18:55:56,129] {subprocess.py:92} INFO - pyOpenSSL                                22.0.0
[2022-07-29 18:55:56,129] {subprocess.py:92} INFO - pyparsing                                3.0.9
[2022-07-29 18:55:56,129] {subprocess.py:92} INFO - pyrsistent                               0.18.1
[2022-07-29 18:55:56,129] {subprocess.py:92} INFO - pysftp                                   0.2.9
[2022-07-29 18:55:56,129] {subprocess.py:92} INFO - python-daemon                            2.3.0
[2022-07-29 18:55:56,130] {subprocess.py:92} INFO - python-dateutil                          2.8.2
[2022-07-29 18:55:56,130] {subprocess.py:92} INFO - python-http-client                       3.3.7
[2022-07-29 18:55:56,131] {subprocess.py:92} INFO - python-ldap                              3.4.0
[2022-07-29 18:55:56,131] {subprocess.py:92} INFO - python-nvd3                              0.15.0
[2022-07-29 18:55:56,131] {subprocess.py:92} INFO - python-slugify                           6.1.2
[2022-07-29 18:55:56,131] {subprocess.py:92} INFO - pytz                                     2022.1
[2022-07-29 18:55:56,132] {subprocess.py:92} INFO - pytzdata                                 2020.1
[2022-07-29 18:55:56,132] {subprocess.py:92} INFO - PyYAML                                   6.0
[2022-07-29 18:55:56,132] {subprocess.py:92} INFO - redis                                    3.5.3
[2022-07-29 18:55:56,133] {subprocess.py:92} INFO - redshift-connector                       2.0.908
[2022-07-29 18:55:56,133] {subprocess.py:92} INFO - requests                                 2.28.0
[2022-07-29 18:55:56,133] {subprocess.py:92} INFO - requests-oauthlib                        1.3.1
[2022-07-29 18:55:56,134] {subprocess.py:92} INFO - rfc3986                                  1.5.0
[2022-07-29 18:55:56,134] {subprocess.py:92} INFO - rich                                     12.4.4
[2022-07-29 18:55:56,134] {subprocess.py:92} INFO - rsa                                      4.8
[2022-07-29 18:55:56,135] {subprocess.py:92} INFO - s3transfer                               0.6.0
[2022-07-29 18:55:56,135] {subprocess.py:92} INFO - scramp                                   1.4.1
[2022-07-29 18:55:56,135] {subprocess.py:92} INFO - sendgrid                                 6.9.7
[2022-07-29 18:55:56,136] {subprocess.py:92} INFO - setproctitle                             1.2.3
[2022-07-29 18:55:56,136] {subprocess.py:92} INFO - setuptools                               57.5.0
[2022-07-29 18:55:56,136] {subprocess.py:92} INFO - six                                      1.16.0
[2022-07-29 18:55:56,137] {subprocess.py:92} INFO - slack-sdk                                3.17.2
[2022-07-29 18:55:56,137] {subprocess.py:92} INFO - sniffio                                  1.2.0
[2022-07-29 18:55:56,137] {subprocess.py:92} INFO - sortedcontainers                         2.4.0
[2022-07-29 18:55:56,138] {subprocess.py:92} INFO - soupsieve                                2.3.2.post1
[2022-07-29 18:55:56,138] {subprocess.py:92} INFO - SQLAlchemy                               1.4.27
[2022-07-29 18:55:56,138] {subprocess.py:92} INFO - sqlalchemy-bigquery                      1.4.4
[2022-07-29 18:55:56,138] {subprocess.py:92} INFO - SQLAlchemy-JSONField                     1.0.0
[2022-07-29 18:55:56,139] {subprocess.py:92} INFO - sqlalchemy-redshift                      0.8.9
[2022-07-29 18:55:56,139] {subprocess.py:92} INFO - SQLAlchemy-Utils                         0.38.2
[2022-07-29 18:55:56,139] {subprocess.py:92} INFO - sshtunnel                                0.4.0
[2022-07-29 18:55:56,139] {subprocess.py:92} INFO - starkbank-ecdsa                          2.0.3
[2022-07-29 18:55:56,139] {subprocess.py:92} INFO - statsd                                   3.3.0
[2022-07-29 18:55:56,140] {subprocess.py:92} INFO - swagger-ui-bundle                        0.0.9
[2022-07-29 18:55:56,140] {subprocess.py:92} INFO - tabulate                                 0.8.10
[2022-07-29 18:55:56,140] {subprocess.py:92} INFO - tblib                                    1.7.0
[2022-07-29 18:55:56,140] {subprocess.py:92} INFO - tenacity                                 8.0.1
[2022-07-29 18:55:56,140] {subprocess.py:92} INFO - termcolor                                1.1.0
[2022-07-29 18:55:56,140] {subprocess.py:92} INFO - text-unidecode                           1.3
[2022-07-29 18:55:56,141] {subprocess.py:92} INFO - toolz                                    0.11.2
[2022-07-29 18:55:56,141] {subprocess.py:92} INFO - tornado                                  6.2
[2022-07-29 18:55:56,141] {subprocess.py:92} INFO - typing_extensions                        4.3.0
[2022-07-29 18:55:56,141] {subprocess.py:92} INFO - uc-micro-py                              1.0.1
[2022-07-29 18:55:56,141] {subprocess.py:92} INFO - unicodecsv                               0.14.1
[2022-07-29 18:55:56,142] {subprocess.py:92} INFO - uritemplate                              3.0.1
[2022-07-29 18:55:56,142] {subprocess.py:92} INFO - urllib3                                  1.26.9
[2022-07-29 18:55:56,142] {subprocess.py:92} INFO - vine                                     5.0.0
[2022-07-29 18:55:56,142] {subprocess.py:92} INFO - virtualenv                               20.15.1
[2022-07-29 18:55:56,142] {subprocess.py:92} INFO - watchtower                               2.0.1
[2022-07-29 18:55:56,143] {subprocess.py:92} INFO - wcwidth                                  0.2.5
[2022-07-29 18:55:56,143] {subprocess.py:92} INFO - websocket-client                         1.3.3
[2022-07-29 18:55:56,143] {subprocess.py:92} INFO - Werkzeug                                 2.1.2
[2022-07-29 18:55:56,143] {subprocess.py:92} INFO - wheel                                    0.37.1
[2022-07-29 18:55:56,144] {subprocess.py:92} INFO - wrapt                                    1.14.1
[2022-07-29 18:55:56,144] {subprocess.py:92} INFO - WTForms                                  2.3.3
[2022-07-29 18:55:56,144] {subprocess.py:92} INFO - zict                                     2.2.0
[2022-07-29 18:55:56,145] {subprocess.py:92} INFO - zipp                                     3.8.0
[2022-07-29 18:55:56,145] {subprocess.py:92} INFO - zope.event                               4.5.0
[2022-07-29 18:55:56,145] {subprocess.py:92} INFO - zope.interface                           5.4.0
[2022-07-29 18:55:56,348] {subprocess.py:92} INFO - 
[2022-07-29 18:55:56,348] {subprocess.py:92} INFO - [notice] A new release of pip available: 22.1.2 -> 22.2.1
[2022-07-29 18:55:56,349] {subprocess.py:92} INFO - [notice] To update, run: python -m pip install --upgrade pip
[2022-07-29 18:55:56,445] {subprocess.py:96} INFO - Command exited with return code 0
[2022-07-29 18:55:56,476] {taskinstance.py:1420} INFO - Marking task as SUCCESS. dag_id=dataperf, task_id=list, execution_date=20220729T185552, start_date=20220729T185553, end_date=20220729T185556
[2022-07-29 18:55:56,523] {local_task_job.py:156} INFO - Task exited with return code 0
[2022-07-29 18:55:56,555] {local_task_job.py:273} INFO - 0 downstream tasks scheduled from follow-on schedule check
