[2022-07-30 09:19:21,017] {taskinstance.py:1179} INFO - Dependencies all met for <TaskInstance: dataperf.create-baselines manual__2022-07-30T09:19:19.493057+00:00 [queued]>
[2022-07-30 09:19:21,031] {taskinstance.py:1179} INFO - Dependencies all met for <TaskInstance: dataperf.create-baselines manual__2022-07-30T09:19:19.493057+00:00 [queued]>
[2022-07-30 09:19:21,032] {taskinstance.py:1376} INFO - 
--------------------------------------------------------------------------------
[2022-07-30 09:19:21,032] {taskinstance.py:1377} INFO - Starting attempt 1 of 1
[2022-07-30 09:19:21,032] {taskinstance.py:1378} INFO - 
--------------------------------------------------------------------------------
[2022-07-30 09:19:21,056] {taskinstance.py:1397} INFO - Executing <Task(BashOperator): create-baselines> on 2022-07-30 09:19:19.493057+00:00
[2022-07-30 09:19:21,060] {standard_task_runner.py:52} INFO - Started process 100 to run task
[2022-07-30 09:19:21,064] {standard_task_runner.py:79} INFO - Running: ['***', 'tasks', 'run', 'dataperf', 'create-baselines', 'manual__2022-07-30T09:19:19.493057+00:00', '--job-id', '239', '--raw', '--subdir', 'DAGS_FOLDER/dataperfr.py', '--cfg-path', '/tmp/tmpzyk84k9s', '--error-file', '/tmp/tmpe6ucndxu']
[2022-07-30 09:19:21,064] {standard_task_runner.py:80} INFO - Job 239: Subtask create-baselines
[2022-07-30 09:19:21,135] {task_command.py:371} INFO - Running <TaskInstance: dataperf.create-baselines manual__2022-07-30T09:19:19.493057+00:00 [running]> on host 5eb1407492fa
[2022-07-30 09:19:21,208] {taskinstance.py:1591} INFO - Exporting the following env vars:
AIRFLOW_CTX_DAG_OWNER=***
AIRFLOW_CTX_DAG_ID=dataperf
AIRFLOW_CTX_TASK_ID=create-baselines
AIRFLOW_CTX_EXECUTION_DATE=2022-07-30T09:19:19.493057+00:00
AIRFLOW_CTX_TRY_NUMBER=1
AIRFLOW_CTX_DAG_RUN_ID=manual__2022-07-30T09:19:19.493057+00:00
[2022-07-30 09:19:21,210] {subprocess.py:62} INFO - Tmp dir root location: 
 /tmp
[2022-07-30 09:19:21,211] {subprocess.py:74} INFO - Running command: ['bash', '-c', 'cd /opt/***/dags/dependency; python create_baselines.py']
[2022-07-30 09:19:21,221] {subprocess.py:85} INFO - Output:
