[2022-07-30 10:05:07,501] {taskinstance.py:1179} INFO - Dependencies all met for <TaskInstance: dataperf.plotter manual__2022-07-30T09:45:44.656628+00:00 [queued]>
[2022-07-30 10:05:07,509] {taskinstance.py:1179} INFO - Dependencies all met for <TaskInstance: dataperf.plotter manual__2022-07-30T09:45:44.656628+00:00 [queued]>
[2022-07-30 10:05:07,510] {taskinstance.py:1376} INFO - 
--------------------------------------------------------------------------------
[2022-07-30 10:05:07,510] {taskinstance.py:1377} INFO - Starting attempt 1 of 1
[2022-07-30 10:05:07,511] {taskinstance.py:1378} INFO - 
--------------------------------------------------------------------------------
[2022-07-30 10:05:07,524] {taskinstance.py:1397} INFO - Executing <Task(BashOperator): plotter> on 2022-07-30 09:45:44.656628+00:00
[2022-07-30 10:05:07,528] {standard_task_runner.py:52} INFO - Started process 24704 to run task
[2022-07-30 10:05:07,530] {standard_task_runner.py:79} INFO - Running: ['***', 'tasks', 'run', 'dataperf', 'plotter', 'manual__2022-07-30T09:45:44.656628+00:00', '--job-id', '246', '--raw', '--subdir', 'DAGS_FOLDER/dataperfr.py', '--cfg-path', '/tmp/tmpk1kifzgb', '--error-file', '/tmp/tmpm6tcf9m_']
[2022-07-30 10:05:07,531] {standard_task_runner.py:80} INFO - Job 246: Subtask plotter
[2022-07-30 10:05:07,589] {task_command.py:371} INFO - Running <TaskInstance: dataperf.plotter manual__2022-07-30T09:45:44.656628+00:00 [running]> on host 365fc85e9c9a
[2022-07-30 10:05:07,663] {taskinstance.py:1591} INFO - Exporting the following env vars:
AIRFLOW_CTX_DAG_OWNER=***
AIRFLOW_CTX_DAG_ID=dataperf
AIRFLOW_CTX_TASK_ID=plotter
AIRFLOW_CTX_EXECUTION_DATE=2022-07-30T09:45:44.656628+00:00
AIRFLOW_CTX_TRY_NUMBER=1
AIRFLOW_CTX_DAG_RUN_ID=manual__2022-07-30T09:45:44.656628+00:00
[2022-07-30 10:05:07,665] {subprocess.py:62} INFO - Tmp dir root location: 
 /tmp
[2022-07-30 10:05:07,665] {subprocess.py:74} INFO - Running command: ['bash', '-c', 'cd /opt/***/dags/dependency; python plotter.py']
[2022-07-30 10:05:07,674] {subprocess.py:85} INFO - Output:
[2022-07-30 10:05:08,897] {subprocess.py:92} INFO - Matplotlib created a temporary config/cache directory at /tmp/matplotlib-rbwk06rs because the default path (/home/***/.cache/matplotlib) is not a writable directory; it is highly recommended to set the MPLCONFIGDIR environment variable to a writable directory, in particular to speed up the import of Matplotlib and to better support multiprocessing.
[2022-07-30 10:05:10,283] {subprocess.py:96} INFO - Command exited with return code 0
[2022-07-30 10:05:10,312] {taskinstance.py:1420} INFO - Marking task as SUCCESS. dag_id=dataperf, task_id=plotter, execution_date=20220730T094544, start_date=20220730T100507, end_date=20220730T100510
[2022-07-30 10:05:10,352] {local_task_job.py:156} INFO - Task exited with return code 0
[2022-07-30 10:05:10,399] {local_task_job.py:273} INFO - 1 downstream tasks scheduled from follow-on schedule check
